<?xml version="1.0" encoding="UTF-8"?>
<TestRun id="a3505edc-3a86-421c-9cf8-a9a389518420" name="liel_r@W7-LIELR 2013-04-25 09:26:05" runUser="RAMDOR\liel_r" xmlns="http://microsoft.com/schemas/VisualStudio/TeamTest/2010">
  <TestSettings name="Trace and Test Impact" id="5a4e249d-2950-40d1-b3a5-9de92ee303a9">
    <Description>These are test settings for Trace and Test Impact.</Description>
    <Deployment runDeploymentRoot="liel_r_W7-LIELR 2013-04-25 09_26_05">
      <DeploymentItem filename="C:\Users\liel_r\Dropbox\Top-Q\Projects\TFS\Tfs\trunk\WebDriverAdaptor\bin\Release\WebDriverAdaptor.dll" />
      <DeploymentItem filename="C:\Users\liel_r\Dropbox\Top-Q\Projects\TFS\Tfs\trunk\TfsAutomationCore.Tests\bin\Release\WebDriver.dll" />
      <DeploymentItem filename="C:\Users\liel_r\Dropbox\Top-Q\Projects\TFS\Tfs\trunk\TfsAutomation\bin\Release\TfsAutomation.dll" />
    </Deployment>
    <Execution>
      <TestTypeSpecific />
      <AgentRule name="Execution Agents">
        <DataCollectors>
          <DataCollector uri="datacollector://microsoft/SystemInfo/1.0" assemblyQualifiedName="Microsoft.VisualStudio.TestTools.DataCollection.SystemInfo.SystemInfoDataCollector, Microsoft.VisualStudio.TestTools.DataCollection.SystemInfo, Version=10.0.0.0, Culture=neutral, PublicKeyToken=b03f5f7f11d50a3a" friendlyName="System Information">
          </DataCollector>
          <DataCollector uri="datacollector://microsoft/ActionLog/1.0" assemblyQualifiedName="Microsoft.VisualStudio.TestTools.ManualTest.ActionLog.ActionLogPlugin, Microsoft.VisualStudio.TestTools.ManualTest.ActionLog, Version=10.0.0.0, Culture=neutral, PublicKeyToken=b03f5f7f11d50a3a" friendlyName="Actions">
          </DataCollector>
          <DataCollector uri="datacollector://microsoft/HttpProxy/1.0" assemblyQualifiedName="Microsoft.VisualStudio.TraceCollector.HttpProxyCollector, Microsoft.VisualStudio.TraceCollector, Version=10.0.0.0, Culture=neutral, PublicKeyToken=b03f5f7f11d50a3a" friendlyName="ASP.NET Client Proxy for IntelliTrace and Test Impact">
          </DataCollector>
          <DataCollector uri="datacollector://microsoft/TestImpact/1.0" assemblyQualifiedName="Microsoft.VisualStudio.TraceCollector.TestImpactDataCollector, Microsoft.VisualStudio.TraceCollector, Version=10.0.0.0, Culture=neutral, PublicKeyToken=b03f5f7f11d50a3a" friendlyName="Test Impact">
          </DataCollector>
          <DataCollector uri="datacollector://microsoft/TraceDebugger/1.0" assemblyQualifiedName="Microsoft.VisualStudio.TraceCollector.TraceDebuggerDataCollector, Microsoft.VisualStudio.TraceCollector, Version=10.0.0.0, Culture=neutral, PublicKeyToken=b03f5f7f11d50a3a" friendlyName="IntelliTrace">
          </DataCollector>
        </DataCollectors>
      </AgentRule>
    </Execution>
  </TestSettings>
  <Times creation="2013-04-25T09:26:05.0436294+03:00" queuing="2013-04-25T09:26:05.8166736+03:00" start="2013-04-25T09:26:34.2312989+03:00" finish="2013-04-25T09:26:55.0094873+03:00" />
  <ResultSummary outcome="Error">
    <Counters total="2" executed="1" error="0" failed="0" timeout="0" aborted="1" inconclusive="0" passedButRunAborted="0" notRunnable="0" notExecuted="1" disconnected="0" warning="0" passed="0" completed="0" inProgress="0" pending="0" />
    <RunInfos>
      <RunInfo computerName="W7-LIELR" outcome="Warning" timestamp="2013-04-25T09:26:05.7926723+03:00">
        <Text>Warning: Test Run deployment issue: The assembly or module 'Ionic.Zip' directly or indirectly referenced by the test container 'c:\users\liel_r\dropbox\top-q\projects\tfs\tfs\trunk\tfsautomationcore.tests\bin\release\tfsautomationcore.tests.dll' was not found.</Text>
      </RunInfo>
      <RunInfo computerName="W7-LIELR" outcome="Error" timestamp="2013-04-25T09:26:55.0074872+03:00">
        <Text>Test host process exited unexpectedly.</Text>
      </RunInfo>
    </RunInfos>
    <DataCollectorMessages>
      <DataCollectorMessage timestamp="2013-04-25T09:26:06.2626992+03:00" agentName="W7-LIELR" level="Error">
        <Text>The diagnostic data adapter 'Microsoft.VisualStudio.TestTools.ManualTest.ActionLog.ActionLogPlugin, Microsoft.VisualStudio.TestTools.ManualTest.ActionLog, Version=10.0.0.0, Culture=neutral, PublicKeyToken=b03f5f7f11d50a3a' on agent 'W7-LIELR' threw an exception during type loading, construction, or initialization: System.IO.FileNotFoundException: Could not load file or assembly 'Microsoft.VisualStudio.TestTools.ManualTest.ActionLog, Version=10.0.0.0, Culture=neutral, PublicKeyToken=b03f5f7f11d50a3a' or one of its dependencies. The system cannot find the file specified.
File name: 'Microsoft.VisualStudio.TestTools.ManualTest.ActionLog, Version=10.0.0.0, Culture=neutral, PublicKeyToken=b03f5f7f11d50a3a'
   at System.RuntimeTypeHandle.GetTypeByName(String name, Boolean throwOnError, Boolean ignoreCase, Boolean reflectionOnly, StackCrawlMarkHandle stackMark, IntPtr pPrivHostBinder, Boolean loadTypeFromPartialName, ObjectHandleOnStack type)
   at System.RuntimeTypeHandle.GetTypeByName(String name, Boolean throwOnError, Boolean ignoreCase, Boolean reflectionOnly, StackCrawlMark&amp; stackMark, IntPtr pPrivHostBinder, Boolean loadTypeFromPartialName)
   at System.RuntimeType.GetType(String typeName, Boolean throwOnError, Boolean ignoreCase, Boolean reflectionOnly, StackCrawlMark&amp; stackMark)
   at System.Type.GetType(String typeName, Boolean throwOnError)
   at Microsoft.VisualStudio.TestTools.DataCollection.ExecutionPluginManager.GetCollectorType(String collectorTypeName, Exception&amp; loadException)

WRN: Assembly binding logging is turned OFF.
To enable assembly bind failure logging, set the registry value [HKLM\Software\Microsoft\Fusion!EnableLog] (DWORD) to 1.
Note: There is some performance penalty associated with assembly bind failure logging.
To turn this feature off, remove the registry value [HKLM\Software\Microsoft\Fusion!EnableLog].
.</Text>
      </DataCollectorMessage>
    </DataCollectorMessages>
  </ResultSummary>
  <TestDefinitions>
    <UnitTest name="TestGoogle" storage="c:\users\liel_r\dropbox\top-q\projects\tfs\tfs\trunk\tfsautomationcore.tests\bin\release\tfsautomationcore.tests.dll" id="1f06b2b3-2375-7fac-0b74-9139ca7a58cb">
      <Execution id="d35aac4e-4332-4995-be4e-a1975b0f21ab" />
      <TestMethod codeBase="C:/Users/liel_r/Dropbox/Top-Q/Projects/TFS/Tfs/trunk/TfsAutomationCore.Tests/bin/Release/TfsAutomationCore.Tests.DLL" adapterTypeName="Microsoft.VisualStudio.TestTools.TestTypes.Unit.UnitTestAdapter, Microsoft.VisualStudio.QualityTools.Tips.UnitTest.Adapter, Version=10.0.0.0, Culture=neutral, PublicKeyToken=b03f5f7f11d50a3a" className="TfsAutomationCore.Tests.Tests.WebDriverTest, TfsAutomationCore.Tests, Version=1.0.0.0, Culture=neutral, PublicKeyToken=null" name="TestGoogle" />
    </UnitTest>
    <UnitTest name="TestYahoo" storage="c:\users\liel_r\dropbox\top-q\projects\tfs\tfs\trunk\tfsautomationcore.tests\bin\release\tfsautomationcore.tests.dll" id="5a235993-b945-624c-4e8d-591c6735ea12">
      <Execution id="d95cb448-b8d0-479d-9bbc-f22567bf1328" />
      <TestMethod codeBase="C:/Users/liel_r/Dropbox/Top-Q/Projects/TFS/Tfs/trunk/TfsAutomationCore.Tests/bin/Release/TfsAutomationCore.Tests.DLL" adapterTypeName="Microsoft.VisualStudio.TestTools.TestTypes.Unit.UnitTestAdapter, Microsoft.VisualStudio.QualityTools.Tips.UnitTest.Adapter, Version=10.0.0.0, Culture=neutral, PublicKeyToken=b03f5f7f11d50a3a" className="TfsAutomationCore.Tests.Tests.WebDriverTest, TfsAutomationCore.Tests, Version=1.0.0.0, Culture=neutral, PublicKeyToken=null" name="TestYahoo" />
    </UnitTest>
  </TestDefinitions>
  <TestLists>
    <TestList name="Results Not in a List" id="8c84fa94-04c1-424b-9868-57a2d4851a1d" />
    <TestList name="All Loaded Results" id="19431567-8539-422a-85d7-44ee4e166bda" />
  </TestLists>
  <TestEntries>
    <TestEntry testId="1f06b2b3-2375-7fac-0b74-9139ca7a58cb" executionId="d35aac4e-4332-4995-be4e-a1975b0f21ab" testListId="8c84fa94-04c1-424b-9868-57a2d4851a1d" />
    <TestEntry testId="5a235993-b945-624c-4e8d-591c6735ea12" executionId="d95cb448-b8d0-479d-9bbc-f22567bf1328" testListId="8c84fa94-04c1-424b-9868-57a2d4851a1d" />
  </TestEntries>
  <Results>
    <UnitTestResult executionId="d35aac4e-4332-4995-be4e-a1975b0f21ab" testId="1f06b2b3-2375-7fac-0b74-9139ca7a58cb" testName="TestGoogle" computerName="W7-LIELR" duration="00:00:20.6221795" startTime="2013-04-25T09:26:34.3873078+03:00" endTime="2013-04-25T09:26:55.0094873+03:00" testType="13cdc9d9-ddb5-4fa4-a97d-d965ccfc6d4b" outcome="Aborted" testListId="8c84fa94-04c1-424b-9868-57a2d4851a1d" relativeResultsDirectory="d35aac4e-4332-4995-be4e-a1975b0f21ab">
      <Output>
        <TextMessages>
          <Message>9:26 AM PASSED In WebDriver adaptor init</Message>
        </TextMessages>
      </Output>
      <DataCollectorMessages>
        <DataCollectorMessage timestamp="2013-04-25T09:26:37.7605007+03:00" dataCollectorUri="datacollector://microsoft/HttpProxy/1.0" dataCollectorFriendlyName="ASP.NET Client Proxy for IntelliTrace and Test Impact" agentName="W7-LIELR" level="Warning">
          <Text>An error occurred while processing a web request: PRXY0020: Sending the message to the server failed. An established connection was aborted by the software in your host machine</Text>
        </DataCollectorMessage>
        <DataCollectorMessage timestamp="2013-04-25T09:26:37.7615008+03:00" dataCollectorUri="datacollector://microsoft/HttpProxy/1.0" dataCollectorFriendlyName="ASP.NET Client Proxy for IntelliTrace and Test Impact" agentName="W7-LIELR" level="Warning">
          <Text>An error occurred while processing a web request: PRXY0007: The request or the response message was incomplete or malformed. An established connection was aborted by the software in your host machine</Text>
        </DataCollectorMessage>
        <DataCollectorMessage timestamp="2013-04-25T09:26:37.7615008+03:00" dataCollectorUri="datacollector://microsoft/HttpProxy/1.0" dataCollectorFriendlyName="ASP.NET Client Proxy for IntelliTrace and Test Impact" agentName="W7-LIELR" level="Warning">
          <Text>An error occurred while processing a web request: PRXY0020: Sending the message to the server failed. An established connection was aborted by the software in your host machine</Text>
        </DataCollectorMessage>
      </DataCollectorMessages>
    </UnitTestResult>
    <UnitTestResult executionId="d95cb448-b8d0-479d-9bbc-f22567bf1328" testId="5a235993-b945-624c-4e8d-591c6735ea12" testName="TestYahoo" computerName="W7-LIELR" testType="13cdc9d9-ddb5-4fa4-a97d-d965ccfc6d4b" outcome="NotExecuted" testListId="8c84fa94-04c1-424b-9868-57a2d4851a1d" relativeResultsDirectory="d95cb448-b8d0-479d-9bbc-f22567bf1328">
    </UnitTestResult>
  </Results>
</TestRun>