<?xml version="1.0" encoding="UTF-8"?>
<TestRun id="df298cff-392c-40af-9d6a-c621e63d0f74" name="liel_r@W7-LIELR 2013-04-25 09:32:28" runUser="RAMDOR\liel_r" xmlns="http://microsoft.com/schemas/VisualStudio/TeamTest/2010">
  <TestSettings name="Trace and Test Impact" id="5a4e249d-2950-40d1-b3a5-9de92ee303a9">
    <Description>These are test settings for Trace and Test Impact.</Description>
    <Deployment runDeploymentRoot="liel_r_W7-LIELR 2013-04-25 09_32_28">
      <DeploymentItem filename="C:\Users\liel_r\Dropbox\Top-Q\Projects\TFS\Tfs\trunk\WebDriverAdaptor\bin\Release\WebDriverAdaptor.dll" />
      <DeploymentItem filename="C:\Users\liel_r\Dropbox\Top-Q\Projects\TFS\Tfs\trunk\TfsAutomationCore.Tests\bin\Release\WebDriver.dll" />
      <DeploymentItem filename="C:\Users\liel_r\Dropbox\Top-Q\Projects\TFS\Tfs\trunk\TfsAutomation\bin\Release\TfsAutomation.dll" />
    </Deployment>
    <Execution>
      <TestTypeSpecific />
      <AgentRule name="Execution Agents">
        <DataCollectors>
          <DataCollector uri="datacollector://microsoft/SystemInfo/1.0" assemblyQualifiedName="Microsoft.VisualStudio.TestTools.DataCollection.SystemInfo.SystemInfoDataCollector, Microsoft.VisualStudio.TestTools.DataCollection.SystemInfo, Version=10.0.0.0, Culture=neutral, PublicKeyToken=b03f5f7f11d50a3a" friendlyName="System Information">
          </DataCollector>
          <DataCollector uri="datacollector://microsoft/ActionLog/1.0" assemblyQualifiedName="Microsoft.VisualStudio.TestTools.ManualTest.ActionLog.ActionLogPlugin, Microsoft.VisualStudio.TestTools.ManualTest.ActionLog, Version=10.0.0.0, Culture=neutral, PublicKeyToken=b03f5f7f11d50a3a" friendlyName="Actions">
          </DataCollector>
          <DataCollector uri="datacollector://microsoft/HttpProxy/1.0" assemblyQualifiedName="Microsoft.VisualStudio.TraceCollector.HttpProxyCollector, Microsoft.VisualStudio.TraceCollector, Version=10.0.0.0, Culture=neutral, PublicKeyToken=b03f5f7f11d50a3a" friendlyName="ASP.NET Client Proxy for IntelliTrace and Test Impact">
          </DataCollector>
          <DataCollector uri="datacollector://microsoft/TestImpact/1.0" assemblyQualifiedName="Microsoft.VisualStudio.TraceCollector.TestImpactDataCollector, Microsoft.VisualStudio.TraceCollector, Version=10.0.0.0, Culture=neutral, PublicKeyToken=b03f5f7f11d50a3a" friendlyName="Test Impact">
          </DataCollector>
          <DataCollector uri="datacollector://microsoft/TraceDebugger/1.0" assemblyQualifiedName="Microsoft.VisualStudio.TraceCollector.TraceDebuggerDataCollector, Microsoft.VisualStudio.TraceCollector, Version=10.0.0.0, Culture=neutral, PublicKeyToken=b03f5f7f11d50a3a" friendlyName="IntelliTrace">
          </DataCollector>
        </DataCollectors>
      </AgentRule>
    </Execution>
  </TestSettings>
  <Times creation="2013-04-25T09:32:28.0275349+03:00" queuing="2013-04-25T09:32:28.5355639+03:00" start="2013-04-25T09:32:49.5687669+03:00" finish="2013-04-25T09:33:40.8186983+03:00" />
  <ResultSummary outcome="Error">
    <Counters total="2" executed="1" error="0" failed="0" timeout="0" aborted="1" inconclusive="0" passedButRunAborted="0" notRunnable="0" notExecuted="1" disconnected="0" warning="0" passed="0" completed="0" inProgress="0" pending="0" />
    <RunInfos>
      <RunInfo computerName="W7-LIELR" outcome="Warning" timestamp="2013-04-25T09:32:28.4705602+03:00">
        <Text>Warning: Test Run deployment issue: The assembly or module 'Ionic.Zip' directly or indirectly referenced by the test container 'c:\users\liel_r\dropbox\top-q\projects\tfs\tfs\trunk\tfsautomationcore.tests\bin\release\tfsautomationcore.tests.dll' was not found.</Text>
      </RunInfo>
      <RunInfo computerName="W7-LIELR" outcome="Error" timestamp="2013-04-25T09:33:40.8166982+03:00">
        <Text>Test host process exited unexpectedly.</Text>
      </RunInfo>
    </RunInfos>
    <DataCollectorMessages>
      <DataCollectorMessage timestamp="2013-04-25T09:32:29.1916014+03:00" agentName="W7-LIELR" level="Error">
        <Text>The diagnostic data adapter 'Microsoft.VisualStudio.TestTools.ManualTest.ActionLog.ActionLogPlugin, Microsoft.VisualStudio.TestTools.ManualTest.ActionLog, Version=10.0.0.0, Culture=neutral, PublicKeyToken=b03f5f7f11d50a3a' on agent 'W7-LIELR' threw an exception during type loading, construction, or initialization: System.IO.FileNotFoundException: Could not load file or assembly 'Microsoft.VisualStudio.TestTools.ManualTest.ActionLog, Version=10.0.0.0, Culture=neutral, PublicKeyToken=b03f5f7f11d50a3a' or one of its dependencies. The system cannot find the file specified.
File name: 'Microsoft.VisualStudio.TestTools.ManualTest.ActionLog, Version=10.0.0.0, Culture=neutral, PublicKeyToken=b03f5f7f11d50a3a'
   at System.RuntimeTypeHandle.GetTypeByName(String name, Boolean throwOnError, Boolean ignoreCase, Boolean reflectionOnly, StackCrawlMarkHandle stackMark, IntPtr pPrivHostBinder, Boolean loadTypeFromPartialName, ObjectHandleOnStack type)
   at System.RuntimeTypeHandle.GetTypeByName(String name, Boolean throwOnError, Boolean ignoreCase, Boolean reflectionOnly, StackCrawlMark&amp; stackMark, IntPtr pPrivHostBinder, Boolean loadTypeFromPartialName)
   at System.RuntimeType.GetType(String typeName, Boolean throwOnError, Boolean ignoreCase, Boolean reflectionOnly, StackCrawlMark&amp; stackMark)
   at System.Type.GetType(String typeName, Boolean throwOnError)
   at Microsoft.VisualStudio.TestTools.DataCollection.ExecutionPluginManager.GetCollectorType(String collectorTypeName, Exception&amp; loadException)

WRN: Assembly binding logging is turned OFF.
To enable assembly bind failure logging, set the registry value [HKLM\Software\Microsoft\Fusion!EnableLog] (DWORD) to 1.
Note: There is some performance penalty associated with assembly bind failure logging.
To turn this feature off, remove the registry value [HKLM\Software\Microsoft\Fusion!EnableLog].
.</Text>
      </DataCollectorMessage>
    </DataCollectorMessages>
  </ResultSummary>
  <TestDefinitions>
    <UnitTest name="TestGoogle" storage="c:\users\liel_r\dropbox\top-q\projects\tfs\tfs\trunk\tfsautomationcore.tests\bin\release\tfsautomationcore.tests.dll" id="1f06b2b3-2375-7fac-0b74-9139ca7a58cb">
      <Execution id="0180d6ca-fc4c-455b-b1a7-d51bac7661d3" />
      <TestMethod codeBase="C:/Users/liel_r/Dropbox/Top-Q/Projects/TFS/Tfs/trunk/TfsAutomationCore.Tests/bin/Release/TfsAutomationCore.Tests.DLL" adapterTypeName="Microsoft.VisualStudio.TestTools.TestTypes.Unit.UnitTestAdapter, Microsoft.VisualStudio.QualityTools.Tips.UnitTest.Adapter, Version=10.0.0.0, Culture=neutral, PublicKeyToken=b03f5f7f11d50a3a" className="TfsAutomationCore.Tests.Tests.WebDriverTest, TfsAutomationCore.Tests, Version=1.0.0.0, Culture=neutral, PublicKeyToken=null" name="TestGoogle" />
    </UnitTest>
    <UnitTest name="TestYahoo" storage="c:\users\liel_r\dropbox\top-q\projects\tfs\tfs\trunk\tfsautomationcore.tests\bin\release\tfsautomationcore.tests.dll" id="5a235993-b945-624c-4e8d-591c6735ea12">
      <Execution id="437105f3-b23c-4b21-ae02-c95da8a4a058" />
      <TestMethod codeBase="C:/Users/liel_r/Dropbox/Top-Q/Projects/TFS/Tfs/trunk/TfsAutomationCore.Tests/bin/Release/TfsAutomationCore.Tests.DLL" adapterTypeName="Microsoft.VisualStudio.TestTools.TestTypes.Unit.UnitTestAdapter, Microsoft.VisualStudio.QualityTools.Tips.UnitTest.Adapter, Version=10.0.0.0, Culture=neutral, PublicKeyToken=b03f5f7f11d50a3a" className="TfsAutomationCore.Tests.Tests.WebDriverTest, TfsAutomationCore.Tests, Version=1.0.0.0, Culture=neutral, PublicKeyToken=null" name="TestYahoo" />
    </UnitTest>
  </TestDefinitions>
  <TestLists>
    <TestList name="Results Not in a List" id="8c84fa94-04c1-424b-9868-57a2d4851a1d" />
    <TestList name="All Loaded Results" id="19431567-8539-422a-85d7-44ee4e166bda" />
  </TestLists>
  <TestEntries>
    <TestEntry testId="1f06b2b3-2375-7fac-0b74-9139ca7a58cb" executionId="0180d6ca-fc4c-455b-b1a7-d51bac7661d3" testListId="8c84fa94-04c1-424b-9868-57a2d4851a1d" />
    <TestEntry testId="5a235993-b945-624c-4e8d-591c6735ea12" executionId="437105f3-b23c-4b21-ae02-c95da8a4a058" testListId="8c84fa94-04c1-424b-9868-57a2d4851a1d" />
  </TestEntries>
  <Results>
    <UnitTestResult executionId="0180d6ca-fc4c-455b-b1a7-d51bac7661d3" testId="1f06b2b3-2375-7fac-0b74-9139ca7a58cb" testName="TestGoogle" computerName="W7-LIELR" duration="00:00:51.0939224" startTime="2013-04-25T09:32:49.7247759+03:00" endTime="2013-04-25T09:33:40.8186983+03:00" testType="13cdc9d9-ddb5-4fa4-a97d-d965ccfc6d4b" outcome="Aborted" testListId="8c84fa94-04c1-424b-9868-57a2d4851a1d" relativeResultsDirectory="0180d6ca-fc4c-455b-b1a7-d51bac7661d3">
    </UnitTestResult>
    <UnitTestResult executionId="437105f3-b23c-4b21-ae02-c95da8a4a058" testId="5a235993-b945-624c-4e8d-591c6735ea12" testName="TestYahoo" computerName="W7-LIELR" testType="13cdc9d9-ddb5-4fa4-a97d-d965ccfc6d4b" outcome="NotExecuted" testListId="8c84fa94-04c1-424b-9868-57a2d4851a1d" relativeResultsDirectory="437105f3-b23c-4b21-ae02-c95da8a4a058">
    </UnitTestResult>
  </Results>
</TestRun>